<html xmlns:math="http://exslt.org/math" xmlns:testng="http://testng.org">
   <head>
      <title>TestNG Results</title>
      <meta http-equiv="content-type" content="text/html; charset=utf-8"></meta>
      <meta http-equiv="pragma" content="no-cache"></meta>
      <meta http-equiv="cache-control" content="max-age=0"></meta>
      <meta http-equiv="cache-control" content="no-cache"></meta>
      <meta http-equiv="cache-control" content="no-store"></meta>
      <LINK rel="stylesheet" href="style.css"></LINK>
      <script type="text/javascript" src="main.js"></script>
   </head>
   <body>
      <table width="100%" style="font-size: 16px; margin-bottom: 10px;" cellspacing="1">
         <tr>
            <td width="100%">
               Test case
               
               <b>Test</b>
            </td>
            <td style="background-color: #FFBBBB; padding: 3px 3px 3px 0;" align="center">
               <div style="width: 50px;">1</div>
            </td>
            <td style="background-color: lightgreen; padding: 3px 3px 3px 0;" align="center">
               <div style="width: 50px;">2</div>
            </td>
            <td style="background-color: #FFFFBB; padding: 3px 3px 3px 0;" align="center">
               <div style="width: 50px;">1</div>
            </td>
            <td align="center" style="background-color: #eaf0f7; padding: 3px 3px 3px 0;">
               <div style="width: 50px;">4</div>
            </td>
            <td align="center"
                style="font-weight: bold; background-color: #eaf0f7; padding: 3px 3px 3px 0;">
               <div style="width: 50px;">50%</div>
            </td>
            <td style="background-color: #eaf0f7; padding: 3px 3px 3px 0;" align="center"
                nowrap="true">1m
               13s
               
            </td>
         </tr>
      </table>
      <div style="width: 200px;">
         <label for="groupMethodsCheckBox" style="font-weight: bold; margin: 0;">
            <input id="groupMethodsCheckBox" type="checkbox" onclick="switchTestMethodsView(this)"
                   checked=""></input>
            Group by class
            
         </label>
         <br></br>
         <label for="methodsFilter_ALL" style="font-weight: bold; margin: 0;">
            <input id="methodsFilter_ALL" type="checkbox"
                   onclick="testMethodsFilterChanged(this, 'ALL')"
                   checked=""></input>
            All
            
         </label>
      </div>
      <label for="methodsFilter_FAIL" style="margin-left: 20px;">
         <input id="methodsFilter_FAIL" type="checkbox"
                onclick="testMethodsFilterChanged(this, 'FAIL')"
                checked=""></input>
         Failed
         
      </label>
      <label for="methodsFilter_PASS">
         <input id="methodsFilter_PASS" type="checkbox"
                onclick="testMethodsFilterChanged(this, 'PASS')"
                checked=""></input>
         Passed
         
      </label>
      <label for="methodsFilter_SKIP">
         <input id="methodsFilter_SKIP" type="checkbox"
                onclick="testMethodsFilterChanged(this, 'SKIP')"
                checked=""></input>
         Skipped
         
      </label>
      <label for="methodsFilter_CONF">
         <input id="methodsFilter_CONF" type="checkbox"
                onclick="testMethodsFilterChanged(this, 'CONF')"
                checked=""></input>
         Config
         
      </label>
      <br></br>
      <div id="testMethodsByStatus" style="display: none;">
         <table class="testMethodsTable" cellpadding="0" cellspacing="0">
            <tr class="methodsTableHeader">
               <td width="100%">Name</td>
               <td nowrap="true">Started</td>
               <td nowrap="true">Duration</td>
               <td>Exception</td>
            </tr>
            <tr id="testcases.ExcuteTest_clickPersonalButtons_byStatus_failed_FAIL1_row"
                class="testMethodStatusFAIL">
               <td width="100%" class="firstMethodCell">
                  <a onclick="toggleDetailsVisibility('testcases.ExcuteTest_clickPersonalButtons_byStatus_failed_FAIL1_details')">clickPersonalButtons()</a>
               </td>
               <td nowrap="true">16:31:17</td>
               <td nowrap="true" align="right">8s
                  
               </td>
               <td nowrap="true">
                  <a onclick="toggleDetailsVisibility('testcases.ExcuteTest_clickPersonalButtons_byStatus_failed_FAIL1_exception')">java.lang.AssertionError: 
                     expected [mapSYNQ user profile] but found [mapSYNQ - Live Traffic Information Platform]
                     
                  </a>
                   
                  
               </td>
            </tr>
            <tr>
               <td colspan="4" class="detailsBox">
                  <div id="testcases.ExcuteTest_clickPersonalButtons_byStatus_failed_FAIL1_details"
                       class="testMethodDetails">
                     <div>
                        <b>Name: </b>clickPersonalButtons
                     </div>
                     <div>
                        <b>Signature: </b>clickPersonalButtons()[pri:0, instance:testcases.ExcuteTest@4cdbe50f]
                     </div>
                     <div>
                        <b>Start time: </b>16:31:17
                     </div>
                     <div>
                        <b>End time: </b>16:31:25
                     </div>
                     <div>
                        <b>Duration: </b>8s
                        
                     </div>
                     <div>
                        <b>Depends on methods:
                           
                        </b>
                        <div>
                               -
                           testcases.ExcuteTest.enterDirectionInfo
                        </div>
                     </div>
                  </div>
               </td>
            </tr>
            <tr>
               <td colspan="4" class="detailsBox">
                  <div id="testcases.ExcuteTest_clickPersonalButtons_byStatus_failed_FAIL1_exception"
                       class="testMethodDetails">
                     <pre style="padding: 5px; margin: 0;">java.lang.AssertionError: expected [mapSYNQ user profile] but found [mapSYNQ - Live Traffic Information Platform]
                        at org.testng.Assert.fail(Assert.java:96)
                        at org.testng.Assert.failNotEquals(Assert.java:776)
                        at org.testng.Assert.assertEqualsImpl(Assert.java:137)
                        at org.testng.Assert.assertEquals(Assert.java:118)
                        at org.testng.Assert.assertEquals(Assert.java:453)
                        at org.testng.Assert.assertEquals(Assert.java:463)
                        at testcases.ExcuteTest.clickPersonalButtons(Unknown Source)
                        at sun.reflect.NativeMethodAccessorImpl.invoke0(Native Method)
                        at sun.reflect.NativeMethodAccessorImpl.invoke(Unknown Source)
                        at sun.reflect.DelegatingMethodAccessorImpl.invoke(Unknown Source)
                        at java.lang.reflect.Method.invoke(Unknown Source)
                        at org.testng.internal.MethodInvocationHelper.invokeMethod(MethodInvocationHelper.java:124)
                        at org.testng.internal.Invoker.invokeMethod(Invoker.java:583)
                        at org.testng.internal.Invoker.invokeTestMethod(Invoker.java:719)
                        at org.testng.internal.Invoker.invokeTestMethods(Invoker.java:989)
                        at org.testng.internal.TestMethodWorker.invokeTestMethods(TestMethodWorker.java:125)
                        at org.testng.internal.TestMethodWorker.run(TestMethodWorker.java:109)
                        at org.testng.TestRunner.privateRun(TestRunner.java:648)
                        at org.testng.TestRunner.run(TestRunner.java:505)
                        at org.testng.SuiteRunner.runTest(SuiteRunner.java:455)
                        at org.testng.SuiteRunner.runSequentially(SuiteRunner.java:450)
                        at org.testng.SuiteRunner.privateRun(SuiteRunner.java:415)
                        at org.testng.SuiteRunner.run(SuiteRunner.java:364)
                        at org.testng.SuiteRunnerWorker.runSuite(SuiteRunnerWorker.java:52)
                        at org.testng.SuiteRunnerWorker.run(SuiteRunnerWorker.java:84)
                        at org.testng.TestNG.runSuitesSequentially(TestNG.java:1208)
                        at org.testng.TestNG.runSuitesLocally(TestNG.java:1137)
                        at org.testng.TestNG.runSuites(TestNG.java:1049)
                        at org.testng.TestNG.run(TestNG.java:1017)
                        at org.testng.TestNG.privateMain(TestNG.java:1354)
                        at org.testng.TestNG.main(TestNG.java:1323)
                     </pre>
                  </div>
               </td>
            </tr>
            <tr id="testcases.ExcuteTest_setUp_byStatus_passed_PASS1_row"
                class="testMethodStatusPASS testMethodStatusCONF">
               <td width="100%" class="firstMethodCell">
                  <a onclick="toggleDetailsVisibility('testcases.ExcuteTest_setUp_byStatus_passed_PASS1_details')">setUp(chrome)</a>
               </td>
               <td nowrap="true">16:30:14</td>
               <td nowrap="true" align="right">6s
                  
               </td>
               <td nowrap="true">
                   
                  
               </td>
            </tr>
            <tr>
               <td colspan="4" class="detailsBox">
                  <div id="testcases.ExcuteTest_setUp_byStatus_passed_PASS1_details"
                       class="testMethodDetails">
                     <div>
                        <b>Name: </b>setUp
                     </div>
                     <div>
                        <b>Signature: </b>setUp(java.lang.String)[pri:0, instance:testcases.ExcuteTest@4cdbe50f]
                     </div>
                     <div>
                        <b>Parameters: </b>
                        
                        chrome
                        
                        
                     </div>
                     <div>
                        <b>Start time: </b>16:30:14
                     </div>
                     <div>
                        <b>End time: </b>16:30:20
                     </div>
                     <div>
                        <b>Duration: </b>6s
                        
                     </div>
                  </div>
               </td>
            </tr>
            <tr></tr>
            <tr id="testcases.ExcuteTest_getTestMethodName_byStatus_passed_PASS2_row"
                class="testMethodStatusPASS testMethodStatusCONF">
               <td width="100%" class="firstMethodCell">
                  <a onclick="toggleDetailsVisibility('testcases.ExcuteTest_getTestMethodName_byStatus_passed_PASS2_details')">getTestMethodName(private void testcases.ExcuteTest.launchMapSyncApplication() throws java.io.IOException)</a>
               </td>
               <td nowrap="true">16:30:21</td>
               <td nowrap="true" align="right">4 ms
                  
               </td>
               <td nowrap="true">
                   
                  
               </td>
            </tr>
            <tr>
               <td colspan="4" class="detailsBox">
                  <div id="testcases.ExcuteTest_getTestMethodName_byStatus_passed_PASS2_details"
                       class="testMethodDetails">
                     <div>
                        <b>Name: </b>getTestMethodName
                     </div>
                     <div>
                        <b>Signature: </b>getTestMethodName(java.lang.reflect.Method)[pri:0, instance:testcases.ExcuteTest@4cdbe50f]
                     </div>
                     <div>
                        <b>Parameters: </b>
                        
                        private void testcases.ExcuteTest.launchMapSyncApplication() throws java.io.IOException
                        
                        
                     </div>
                     <div>
                        <b>Start time: </b>16:30:21
                     </div>
                     <div>
                        <b>End time: </b>16:30:21
                     </div>
                     <div>
                        <b>Duration: </b>4 ms
                        
                     </div>
                  </div>
               </td>
            </tr>
            <tr></tr>
            <tr id="testcases.ExcuteTest_launchMapSyncApplication_byStatus_passed_PASS3_row"
                class="testMethodStatusPASS">
               <td width="100%" class="firstMethodCell">
                  <a onclick="toggleDetailsVisibility('testcases.ExcuteTest_launchMapSyncApplication_byStatus_passed_PASS3_details')">launchMapSyncApplication()</a>
               </td>
               <td nowrap="true">16:30:21</td>
               <td nowrap="true" align="right">53s
                  
               </td>
               <td nowrap="true">
                   
                  
               </td>
            </tr>
            <tr>
               <td colspan="4" class="detailsBox">
                  <div id="testcases.ExcuteTest_launchMapSyncApplication_byStatus_passed_PASS3_details"
                       class="testMethodDetails">
                     <div>
                        <b>Name: </b>launchMapSyncApplication
                     </div>
                     <div>
                        <b>Signature: </b>launchMapSyncApplication()[pri:0, instance:testcases.ExcuteTest@4cdbe50f]
                     </div>
                     <div>
                        <b>Start time: </b>16:30:21
                     </div>
                     <div>
                        <b>End time: </b>16:31:15
                     </div>
                     <div>
                        <b>Duration: </b>53s
                        
                     </div>
                  </div>
               </td>
            </tr>
            <tr></tr>
            <tr id="testcases.ExcuteTest_getTestStatus_byStatus_passed_PASS4_row"
                class="testMethodStatusPASS testMethodStatusCONF">
               <td width="100%" class="firstMethodCell">
                  <a onclick="toggleDetailsVisibility('testcases.ExcuteTest_getTestStatus_byStatus_passed_PASS4_details')">getTestStatus([TestResult name=launchMapSyncApplication status=SUCCESS method=ExcuteTest.launchMapSyncApplication()[pri:0,
                     instance:testcases.ExcuteTest@4cdbe50f] output={null}])
                  </a>
               </td>
               <td nowrap="true">16:31:15</td>
               <td nowrap="true" align="right">420 ms
                  
               </td>
               <td nowrap="true">
                   
                  
               </td>
            </tr>
            <tr>
               <td colspan="4" class="detailsBox">
                  <div id="testcases.ExcuteTest_getTestStatus_byStatus_passed_PASS4_details"
                       class="testMethodDetails">
                     <div>
                        <b>Name: </b>getTestStatus
                     </div>
                     <div>
                        <b>Signature: </b>getTestStatus(org.testng.ITestResult)[pri:0, instance:testcases.ExcuteTest@4cdbe50f]
                     </div>
                     <div>
                        <b>Parameters: </b>
                        
                        [TestResult name=launchMapSyncApplication status=SUCCESS method=ExcuteTest.launchMapSyncApplication()[pri:0, instance:testcases.ExcuteTest@4cdbe50f]
                        output={null}]
                        
                        
                     </div>
                     <div>
                        <b>Start time: </b>16:31:15
                     </div>
                     <div>
                        <b>End time: </b>16:31:15
                     </div>
                     <div>
                        <b>Duration: </b>420 ms
                        
                     </div>
                  </div>
               </td>
            </tr>
            <tr></tr>
            <tr id="testcases.ExcuteTest_enterDirectionInfo_byStatus_passed_PASS5_row"
                class="testMethodStatusPASS">
               <td width="100%" class="firstMethodCell">
                  <a onclick="toggleDetailsVisibility('testcases.ExcuteTest_enterDirectionInfo_byStatus_passed_PASS5_details')">enterDirectionInfo()</a>
               </td>
               <td nowrap="true">16:31:15</td>
               <td nowrap="true" align="right">1s
                  
               </td>
               <td nowrap="true">
                   
                  
               </td>
            </tr>
            <tr>
               <td colspan="4" class="detailsBox">
                  <div id="testcases.ExcuteTest_enterDirectionInfo_byStatus_passed_PASS5_details"
                       class="testMethodDetails">
                     <div>
                        <b>Name: </b>enterDirectionInfo
                     </div>
                     <div>
                        <b>Signature: </b>enterDirectionInfo()[pri:0, instance:testcases.ExcuteTest@4cdbe50f]
                     </div>
                     <div>
                        <b>Start time: </b>16:31:15
                     </div>
                     <div>
                        <b>End time: </b>16:31:16
                     </div>
                     <div>
                        <b>Duration: </b>1s
                        
                     </div>
                     <div>
                        <b>Depends on methods:
                           
                        </b>
                        <div>
                               -
                           testcases.ExcuteTest.launchMapSyncApplication
                        </div>
                     </div>
                  </div>
               </td>
            </tr>
            <tr></tr>
            <tr id="testcases.ExcuteTest_getTestMethodName_byStatus_passed_PASS6_row"
                class="testMethodStatusPASS testMethodStatusCONF">
               <td width="100%" class="firstMethodCell">
                  <a onclick="toggleDetailsVisibility('testcases.ExcuteTest_getTestMethodName_byStatus_passed_PASS6_details')">getTestMethodName(private void testcases.ExcuteTest.enterDirectionInfo() throws java.io.IOException)</a>
               </td>
               <td nowrap="true">16:31:15</td>
               <td nowrap="true" align="right">0 ms
                  
               </td>
               <td nowrap="true">
                   
                  
               </td>
            </tr>
            <tr>
               <td colspan="4" class="detailsBox">
                  <div id="testcases.ExcuteTest_getTestMethodName_byStatus_passed_PASS6_details"
                       class="testMethodDetails">
                     <div>
                        <b>Name: </b>getTestMethodName
                     </div>
                     <div>
                        <b>Signature: </b>getTestMethodName(java.lang.reflect.Method)[pri:0, instance:testcases.ExcuteTest@4cdbe50f]
                     </div>
                     <div>
                        <b>Parameters: </b>
                        
                        private void testcases.ExcuteTest.enterDirectionInfo() throws java.io.IOException
                        
                        
                     </div>
                     <div>
                        <b>Start time: </b>16:31:15
                     </div>
                     <div>
                        <b>End time: </b>16:31:15
                     </div>
                     <div>
                        <b>Duration: </b>0 ms
                        
                     </div>
                  </div>
               </td>
            </tr>
            <tr></tr>
            <tr id="testcases.ExcuteTest_getTestStatus_byStatus_passed_PASS7_row"
                class="testMethodStatusPASS testMethodStatusCONF">
               <td width="100%" class="firstMethodCell">
                  <a onclick="toggleDetailsVisibility('testcases.ExcuteTest_getTestStatus_byStatus_passed_PASS7_details')">getTestStatus([TestResult name=enterDirectionInfo status=SUCCESS method=ExcuteTest.enterDirectionInfo()[pri:0, instance:testcases.ExcuteTest@4cdbe50f]
                     output={null}])
                  </a>
               </td>
               <td nowrap="true">16:31:16</td>
               <td nowrap="true" align="right">351 ms
                  
               </td>
               <td nowrap="true">
                   
                  
               </td>
            </tr>
            <tr>
               <td colspan="4" class="detailsBox">
                  <div id="testcases.ExcuteTest_getTestStatus_byStatus_passed_PASS7_details"
                       class="testMethodDetails">
                     <div>
                        <b>Name: </b>getTestStatus
                     </div>
                     <div>
                        <b>Signature: </b>getTestStatus(org.testng.ITestResult)[pri:0, instance:testcases.ExcuteTest@4cdbe50f]
                     </div>
                     <div>
                        <b>Parameters: </b>
                        
                        [TestResult name=enterDirectionInfo status=SUCCESS method=ExcuteTest.enterDirectionInfo()[pri:0, instance:testcases.ExcuteTest@4cdbe50f]
                        output={null}]
                        
                        
                     </div>
                     <div>
                        <b>Start time: </b>16:31:16
                     </div>
                     <div>
                        <b>End time: </b>16:31:17
                     </div>
                     <div>
                        <b>Duration: </b>351 ms
                        
                     </div>
                  </div>
               </td>
            </tr>
            <tr></tr>
            <tr id="testcases.ExcuteTest_getTestMethodName_byStatus_passed_PASS8_row"
                class="testMethodStatusPASS testMethodStatusCONF">
               <td width="100%" class="firstMethodCell">
                  <a onclick="toggleDetailsVisibility('testcases.ExcuteTest_getTestMethodName_byStatus_passed_PASS8_details')">getTestMethodName(private void testcases.ExcuteTest.clickPersonalButtons() throws java.io.IOException)</a>
               </td>
               <td nowrap="true">16:31:17</td>
               <td nowrap="true" align="right">2 ms
                  
               </td>
               <td nowrap="true">
                   
                  
               </td>
            </tr>
            <tr>
               <td colspan="4" class="detailsBox">
                  <div id="testcases.ExcuteTest_getTestMethodName_byStatus_passed_PASS8_details"
                       class="testMethodDetails">
                     <div>
                        <b>Name: </b>getTestMethodName
                     </div>
                     <div>
                        <b>Signature: </b>getTestMethodName(java.lang.reflect.Method)[pri:0, instance:testcases.ExcuteTest@4cdbe50f]
                     </div>
                     <div>
                        <b>Parameters: </b>
                        
                        private void testcases.ExcuteTest.clickPersonalButtons() throws java.io.IOException
                        
                        
                     </div>
                     <div>
                        <b>Start time: </b>16:31:17
                     </div>
                     <div>
                        <b>End time: </b>16:31:17
                     </div>
                     <div>
                        <b>Duration: </b>2 ms
                        
                     </div>
                  </div>
               </td>
            </tr>
            <tr></tr>
            <tr id="testcases.ExcuteTest_getTestStatus_byStatus_passed_PASS9_row"
                class="testMethodStatusPASS testMethodStatusCONF">
               <td width="100%" class="firstMethodCell">
                  <a onclick="toggleDetailsVisibility('testcases.ExcuteTest_getTestStatus_byStatus_passed_PASS9_details')">getTestStatus([TestResult name=clickPersonalButtons status=FAILURE method=ExcuteTest.clickPersonalButtons()[pri:0, instance:testcases.ExcuteTest@4cdbe50f]
                     output={null}])
                  </a>
               </td>
               <td nowrap="true">16:31:25</td>
               <td nowrap="true" align="right">324 ms
                  
               </td>
               <td nowrap="true">
                   
                  
               </td>
            </tr>
            <tr>
               <td colspan="4" class="detailsBox">
                  <div id="testcases.ExcuteTest_getTestStatus_byStatus_passed_PASS9_details"
                       class="testMethodDetails">
                     <div>
                        <b>Name: </b>getTestStatus
                     </div>
                     <div>
                        <b>Signature: </b>getTestStatus(org.testng.ITestResult)[pri:0, instance:testcases.ExcuteTest@4cdbe50f]
                     </div>
                     <div>
                        <b>Parameters: </b>
                        
                        [TestResult name=clickPersonalButtons status=FAILURE method=ExcuteTest.clickPersonalButtons()[pri:0, instance:testcases.ExcuteTest@4cdbe50f]
                        output={null}]
                        
                        
                     </div>
                     <div>
                        <b>Start time: </b>16:31:25
                     </div>
                     <div>
                        <b>End time: </b>16:31:25
                     </div>
                     <div>
                        <b>Duration: </b>324 ms
                        
                     </div>
                  </div>
               </td>
            </tr>
            <tr></tr>
            <tr id="testcases.ExcuteTest_closeDriver_byStatus_passed_PASS10_row"
                class="testMethodStatusPASS testMethodStatusCONF">
               <td width="100%" class="firstMethodCell">
                  <a onclick="toggleDetailsVisibility('testcases.ExcuteTest_closeDriver_byStatus_passed_PASS10_details')">closeDriver()</a>
               </td>
               <td nowrap="true">16:31:25</td>
               <td nowrap="true" align="right">1s
                  
               </td>
               <td nowrap="true">
                   
                  
               </td>
            </tr>
            <tr>
               <td colspan="4" class="detailsBox">
                  <div id="testcases.ExcuteTest_closeDriver_byStatus_passed_PASS10_details"
                       class="testMethodDetails">
                     <div>
                        <b>Name: </b>closeDriver
                     </div>
                     <div>
                        <b>Signature: </b>closeDriver()[pri:0, instance:testcases.ExcuteTest@4cdbe50f]
                     </div>
                     <div>
                        <b>Start time: </b>16:31:25
                     </div>
                     <div>
                        <b>End time: </b>16:31:27
                     </div>
                     <div>
                        <b>Duration: </b>1s
                        
                     </div>
                  </div>
               </td>
            </tr>
            <tr></tr>
            <tr id="testcases.ExcuteTest_clickLiveInfo_byStatus_skiped_SKIP1_row"
                class="testMethodStatusSKIP">
               <td width="100%" class="firstMethodCell">
                  <a onclick="toggleDetailsVisibility('testcases.ExcuteTest_clickLiveInfo_byStatus_skiped_SKIP1_details')">clickLiveInfo()</a>
               </td>
               <td nowrap="true">16:31:25</td>
               <td nowrap="true" align="right">0 ms
                  
               </td>
               <td nowrap="true">
                  <a onclick="toggleDetailsVisibility('testcases.ExcuteTest_clickLiveInfo_byStatus_skiped_SKIP1_exception')">java.lang.Throwable: 
                     Method ExcuteTest.clickLiveInfo()[pri:0, instance:testcases.ExcuteTest@4cdbe50f] depends on not successfully finished methods
                     
                  </a>
                   
                  
               </td>
            </tr>
            <tr>
               <td colspan="4" class="detailsBox">
                  <div id="testcases.ExcuteTest_clickLiveInfo_byStatus_skiped_SKIP1_details"
                       class="testMethodDetails">
                     <div>
                        <b>Name: </b>clickLiveInfo
                     </div>
                     <div>
                        <b>Signature: </b>clickLiveInfo()[pri:0, instance:testcases.ExcuteTest@4cdbe50f]
                     </div>
                     <div>
                        <b>Start time: </b>16:31:25
                     </div>
                     <div>
                        <b>End time: </b>16:31:25
                     </div>
                     <div>
                        <b>Duration: </b>0 ms
                        
                     </div>
                     <div>
                        <b>Depends on methods:
                           
                        </b>
                        <div>
                               -
                           testcases.ExcuteTest.clickPersonalButtons
                        </div>
                     </div>
                  </div>
               </td>
            </tr>
            <tr>
               <td colspan="4" class="detailsBox">
                  <div id="testcases.ExcuteTest_clickLiveInfo_byStatus_skiped_SKIP1_exception"
                       class="testMethodDetails">
                     <pre style="padding: 5px; margin: 0;">java.lang.Throwable: Method ExcuteTest.clickLiveInfo()[pri:0, instance:testcases.ExcuteTest@4cdbe50f] depends on not successfully
                        finished methods
                        at org.testng.internal.Invoker.invokeTestMethods(Invoker.java:888)
                        at org.testng.internal.TestMethodWorker.invokeTestMethods(TestMethodWorker.java:125)
                        at org.testng.internal.TestMethodWorker.run(TestMethodWorker.java:109)
                        at org.testng.TestRunner.privateRun(TestRunner.java:648)
                        at org.testng.TestRunner.run(TestRunner.java:505)
                        at org.testng.SuiteRunner.runTest(SuiteRunner.java:455)
                        at org.testng.SuiteRunner.runSequentially(SuiteRunner.java:450)
                        at org.testng.SuiteRunner.privateRun(SuiteRunner.java:415)
                        at org.testng.SuiteRunner.run(SuiteRunner.java:364)
                        at org.testng.SuiteRunnerWorker.runSuite(SuiteRunnerWorker.java:52)
                        at org.testng.SuiteRunnerWorker.run(SuiteRunnerWorker.java:84)
                        at org.testng.TestNG.runSuitesSequentially(TestNG.java:1208)
                        at org.testng.TestNG.runSuitesLocally(TestNG.java:1137)
                        at org.testng.TestNG.runSuites(TestNG.java:1049)
                        at org.testng.TestNG.run(TestNG.java:1017)
                        at org.testng.TestNG.privateMain(TestNG.java:1354)
                        at org.testng.TestNG.main(TestNG.java:1323)
                     </pre>
                  </div>
               </td>
            </tr>
         </table>
      </div>
      <div id="testMethodsByClass">
         <table class="testMethodsTable" cellpadding="0" cellspacing="0">
            <tr>
               <td colspan="4">
                  <h3 style="display: inline;">testcases.ExcuteTest</h3>
               </td>
            </tr>
            <tr class="methodsTableHeader">
               <td width="100%">Name</td>
               <td nowrap="true">Started</td>
               <td nowrap="true">Duration</td>
               <td>Exception</td>
            </tr>
            <tr id="testcases.ExcuteTest_setUp_byClass_PASS1_row"
                class="testMethodStatusPASS testMethodStatusCONF">
               <td width="100%" class="firstMethodCell">
                  <a onclick="toggleDetailsVisibility('testcases.ExcuteTest_setUp_byClass_PASS1_details')">setUp(chrome)</a>
               </td>
               <td nowrap="true">16:30:14</td>
               <td nowrap="true" align="right">6s
                  
               </td>
               <td nowrap="true">
                   
                  
               </td>
            </tr>
            <tr>
               <td colspan="4" class="detailsBox">
                  <div id="testcases.ExcuteTest_setUp_byClass_PASS1_details" class="testMethodDetails">
                     <div>
                        <b>Name: </b>setUp
                     </div>
                     <div>
                        <b>Signature: </b>setUp(java.lang.String)[pri:0, instance:testcases.ExcuteTest@4cdbe50f]
                     </div>
                     <div>
                        <b>Parameters: </b>
                        
                        chrome
                        
                        
                     </div>
                     <div>
                        <b>Start time: </b>16:30:14
                     </div>
                     <div>
                        <b>End time: </b>16:30:20
                     </div>
                     <div>
                        <b>Duration: </b>6s
                        
                     </div>
                  </div>
               </td>
            </tr>
            <tr></tr>
            <tr id="testcases.ExcuteTest_getTestMethodName_byClass_PASS2_row"
                class="testMethodStatusPASS testMethodStatusCONF">
               <td width="100%" class="firstMethodCell">
                  <a onclick="toggleDetailsVisibility('testcases.ExcuteTest_getTestMethodName_byClass_PASS2_details')">getTestMethodName(private void testcases.ExcuteTest.launchMapSyncApplication() throws java.io.IOException)</a>
               </td>
               <td nowrap="true">16:30:21</td>
               <td nowrap="true" align="right">4 ms
                  
               </td>
               <td nowrap="true">
                   
                  
               </td>
            </tr>
            <tr>
               <td colspan="4" class="detailsBox">
                  <div id="testcases.ExcuteTest_getTestMethodName_byClass_PASS2_details"
                       class="testMethodDetails">
                     <div>
                        <b>Name: </b>getTestMethodName
                     </div>
                     <div>
                        <b>Signature: </b>getTestMethodName(java.lang.reflect.Method)[pri:0, instance:testcases.ExcuteTest@4cdbe50f]
                     </div>
                     <div>
                        <b>Parameters: </b>
                        
                        private void testcases.ExcuteTest.launchMapSyncApplication() throws java.io.IOException
                        
                        
                     </div>
                     <div>
                        <b>Start time: </b>16:30:21
                     </div>
                     <div>
                        <b>End time: </b>16:30:21
                     </div>
                     <div>
                        <b>Duration: </b>4 ms
                        
                     </div>
                  </div>
               </td>
            </tr>
            <tr></tr>
            <tr id="testcases.ExcuteTest_launchMapSyncApplication_byClass_PASS3_row"
                class="testMethodStatusPASS">
               <td width="100%" class="firstMethodCell">
                  <a onclick="toggleDetailsVisibility('testcases.ExcuteTest_launchMapSyncApplication_byClass_PASS3_details')">launchMapSyncApplication()</a>
               </td>
               <td nowrap="true">16:30:21</td>
               <td nowrap="true" align="right">53s
                  
               </td>
               <td nowrap="true">
                   
                  
               </td>
            </tr>
            <tr>
               <td colspan="4" class="detailsBox">
                  <div id="testcases.ExcuteTest_launchMapSyncApplication_byClass_PASS3_details"
                       class="testMethodDetails">
                     <div>
                        <b>Name: </b>launchMapSyncApplication
                     </div>
                     <div>
                        <b>Signature: </b>launchMapSyncApplication()[pri:0, instance:testcases.ExcuteTest@4cdbe50f]
                     </div>
                     <div>
                        <b>Start time: </b>16:30:21
                     </div>
                     <div>
                        <b>End time: </b>16:31:15
                     </div>
                     <div>
                        <b>Duration: </b>53s
                        
                     </div>
                  </div>
               </td>
            </tr>
            <tr></tr>
            <tr id="testcases.ExcuteTest_getTestStatus_byClass_PASS4_row"
                class="testMethodStatusPASS testMethodStatusCONF">
               <td width="100%" class="firstMethodCell">
                  <a onclick="toggleDetailsVisibility('testcases.ExcuteTest_getTestStatus_byClass_PASS4_details')">getTestStatus([TestResult name=launchMapSyncApplication status=SUCCESS method=ExcuteTest.launchMapSyncApplication()[pri:0,
                     instance:testcases.ExcuteTest@4cdbe50f] output={null}])
                  </a>
               </td>
               <td nowrap="true">16:31:15</td>
               <td nowrap="true" align="right">420 ms
                  
               </td>
               <td nowrap="true">
                   
                  
               </td>
            </tr>
            <tr>
               <td colspan="4" class="detailsBox">
                  <div id="testcases.ExcuteTest_getTestStatus_byClass_PASS4_details"
                       class="testMethodDetails">
                     <div>
                        <b>Name: </b>getTestStatus
                     </div>
                     <div>
                        <b>Signature: </b>getTestStatus(org.testng.ITestResult)[pri:0, instance:testcases.ExcuteTest@4cdbe50f]
                     </div>
                     <div>
                        <b>Parameters: </b>
                        
                        [TestResult name=launchMapSyncApplication status=SUCCESS method=ExcuteTest.launchMapSyncApplication()[pri:0, instance:testcases.ExcuteTest@4cdbe50f]
                        output={null}]
                        
                        
                     </div>
                     <div>
                        <b>Start time: </b>16:31:15
                     </div>
                     <div>
                        <b>End time: </b>16:31:15
                     </div>
                     <div>
                        <b>Duration: </b>420 ms
                        
                     </div>
                  </div>
               </td>
            </tr>
            <tr></tr>
            <tr id="testcases.ExcuteTest_enterDirectionInfo_byClass_PASS5_row"
                class="testMethodStatusPASS">
               <td width="100%" class="firstMethodCell">
                  <a onclick="toggleDetailsVisibility('testcases.ExcuteTest_enterDirectionInfo_byClass_PASS5_details')">enterDirectionInfo()</a>
               </td>
               <td nowrap="true">16:31:15</td>
               <td nowrap="true" align="right">1s
                  
               </td>
               <td nowrap="true">
                   
                  
               </td>
            </tr>
            <tr>
               <td colspan="4" class="detailsBox">
                  <div id="testcases.ExcuteTest_enterDirectionInfo_byClass_PASS5_details"
                       class="testMethodDetails">
                     <div>
                        <b>Name: </b>enterDirectionInfo
                     </div>
                     <div>
                        <b>Signature: </b>enterDirectionInfo()[pri:0, instance:testcases.ExcuteTest@4cdbe50f]
                     </div>
                     <div>
                        <b>Start time: </b>16:31:15
                     </div>
                     <div>
                        <b>End time: </b>16:31:16
                     </div>
                     <div>
                        <b>Duration: </b>1s
                        
                     </div>
                     <div>
                        <b>Depends on methods:
                           
                        </b>
                        <div>
                               -
                           testcases.ExcuteTest.launchMapSyncApplication
                        </div>
                     </div>
                  </div>
               </td>
            </tr>
            <tr></tr>
            <tr id="testcases.ExcuteTest_getTestMethodName_byClass_PASS6_row"
                class="testMethodStatusPASS testMethodStatusCONF">
               <td width="100%" class="firstMethodCell">
                  <a onclick="toggleDetailsVisibility('testcases.ExcuteTest_getTestMethodName_byClass_PASS6_details')">getTestMethodName(private void testcases.ExcuteTest.enterDirectionInfo() throws java.io.IOException)</a>
               </td>
               <td nowrap="true">16:31:15</td>
               <td nowrap="true" align="right">0 ms
                  
               </td>
               <td nowrap="true">
                   
                  
               </td>
            </tr>
            <tr>
               <td colspan="4" class="detailsBox">
                  <div id="testcases.ExcuteTest_getTestMethodName_byClass_PASS6_details"
                       class="testMethodDetails">
                     <div>
                        <b>Name: </b>getTestMethodName
                     </div>
                     <div>
                        <b>Signature: </b>getTestMethodName(java.lang.reflect.Method)[pri:0, instance:testcases.ExcuteTest@4cdbe50f]
                     </div>
                     <div>
                        <b>Parameters: </b>
                        
                        private void testcases.ExcuteTest.enterDirectionInfo() throws java.io.IOException
                        
                        
                     </div>
                     <div>
                        <b>Start time: </b>16:31:15
                     </div>
                     <div>
                        <b>End time: </b>16:31:15
                     </div>
                     <div>
                        <b>Duration: </b>0 ms
                        
                     </div>
                  </div>
               </td>
            </tr>
            <tr></tr>
            <tr id="testcases.ExcuteTest_getTestStatus_byClass_PASS7_row"
                class="testMethodStatusPASS testMethodStatusCONF">
               <td width="100%" class="firstMethodCell">
                  <a onclick="toggleDetailsVisibility('testcases.ExcuteTest_getTestStatus_byClass_PASS7_details')">getTestStatus([TestResult name=enterDirectionInfo status=SUCCESS method=ExcuteTest.enterDirectionInfo()[pri:0, instance:testcases.ExcuteTest@4cdbe50f]
                     output={null}])
                  </a>
               </td>
               <td nowrap="true">16:31:16</td>
               <td nowrap="true" align="right">351 ms
                  
               </td>
               <td nowrap="true">
                   
                  
               </td>
            </tr>
            <tr>
               <td colspan="4" class="detailsBox">
                  <div id="testcases.ExcuteTest_getTestStatus_byClass_PASS7_details"
                       class="testMethodDetails">
                     <div>
                        <b>Name: </b>getTestStatus
                     </div>
                     <div>
                        <b>Signature: </b>getTestStatus(org.testng.ITestResult)[pri:0, instance:testcases.ExcuteTest@4cdbe50f]
                     </div>
                     <div>
                        <b>Parameters: </b>
                        
                        [TestResult name=enterDirectionInfo status=SUCCESS method=ExcuteTest.enterDirectionInfo()[pri:0, instance:testcases.ExcuteTest@4cdbe50f]
                        output={null}]
                        
                        
                     </div>
                     <div>
                        <b>Start time: </b>16:31:16
                     </div>
                     <div>
                        <b>End time: </b>16:31:17
                     </div>
                     <div>
                        <b>Duration: </b>351 ms
                        
                     </div>
                  </div>
               </td>
            </tr>
            <tr></tr>
            <tr id="testcases.ExcuteTest_getTestMethodName_byClass_PASS8_row"
                class="testMethodStatusPASS testMethodStatusCONF">
               <td width="100%" class="firstMethodCell">
                  <a onclick="toggleDetailsVisibility('testcases.ExcuteTest_getTestMethodName_byClass_PASS8_details')">getTestMethodName(private void testcases.ExcuteTest.clickPersonalButtons() throws java.io.IOException)</a>
               </td>
               <td nowrap="true">16:31:17</td>
               <td nowrap="true" align="right">2 ms
                  
               </td>
               <td nowrap="true">
                   
                  
               </td>
            </tr>
            <tr>
               <td colspan="4" class="detailsBox">
                  <div id="testcases.ExcuteTest_getTestMethodName_byClass_PASS8_details"
                       class="testMethodDetails">
                     <div>
                        <b>Name: </b>getTestMethodName
                     </div>
                     <div>
                        <b>Signature: </b>getTestMethodName(java.lang.reflect.Method)[pri:0, instance:testcases.ExcuteTest@4cdbe50f]
                     </div>
                     <div>
                        <b>Parameters: </b>
                        
                        private void testcases.ExcuteTest.clickPersonalButtons() throws java.io.IOException
                        
                        
                     </div>
                     <div>
                        <b>Start time: </b>16:31:17
                     </div>
                     <div>
                        <b>End time: </b>16:31:17
                     </div>
                     <div>
                        <b>Duration: </b>2 ms
                        
                     </div>
                  </div>
               </td>
            </tr>
            <tr></tr>
            <tr id="testcases.ExcuteTest_clickPersonalButtons_byClass_FAIL9_row"
                class="testMethodStatusFAIL">
               <td width="100%" class="firstMethodCell">
                  <a onclick="toggleDetailsVisibility('testcases.ExcuteTest_clickPersonalButtons_byClass_FAIL9_details')">clickPersonalButtons()</a>
               </td>
               <td nowrap="true">16:31:17</td>
               <td nowrap="true" align="right">8s
                  
               </td>
               <td nowrap="true">
                  <a onclick="toggleDetailsVisibility('testcases.ExcuteTest_clickPersonalButtons_byClass_FAIL9_exception')">java.lang.AssertionError: 
                     expected [mapSYNQ user profile] but found [mapSYNQ - Live Traffic Information Platform]
                     
                  </a>
                   
                  
               </td>
            </tr>
            <tr>
               <td colspan="4" class="detailsBox">
                  <div id="testcases.ExcuteTest_clickPersonalButtons_byClass_FAIL9_details"
                       class="testMethodDetails">
                     <div>
                        <b>Name: </b>clickPersonalButtons
                     </div>
                     <div>
                        <b>Signature: </b>clickPersonalButtons()[pri:0, instance:testcases.ExcuteTest@4cdbe50f]
                     </div>
                     <div>
                        <b>Start time: </b>16:31:17
                     </div>
                     <div>
                        <b>End time: </b>16:31:25
                     </div>
                     <div>
                        <b>Duration: </b>8s
                        
                     </div>
                     <div>
                        <b>Depends on methods:
                           
                        </b>
                        <div>
                               -
                           testcases.ExcuteTest.enterDirectionInfo
                        </div>
                     </div>
                  </div>
               </td>
            </tr>
            <tr>
               <td colspan="4" class="detailsBox">
                  <div id="testcases.ExcuteTest_clickPersonalButtons_byClass_FAIL9_exception"
                       class="testMethodDetails">
                     <pre style="padding: 5px; margin: 0;">java.lang.AssertionError: expected [mapSYNQ user profile] but found [mapSYNQ - Live Traffic Information Platform]
                        at org.testng.Assert.fail(Assert.java:96)
                        at org.testng.Assert.failNotEquals(Assert.java:776)
                        at org.testng.Assert.assertEqualsImpl(Assert.java:137)
                        at org.testng.Assert.assertEquals(Assert.java:118)
                        at org.testng.Assert.assertEquals(Assert.java:453)
                        at org.testng.Assert.assertEquals(Assert.java:463)
                        at testcases.ExcuteTest.clickPersonalButtons(Unknown Source)
                        at sun.reflect.NativeMethodAccessorImpl.invoke0(Native Method)
                        at sun.reflect.NativeMethodAccessorImpl.invoke(Unknown Source)
                        at sun.reflect.DelegatingMethodAccessorImpl.invoke(Unknown Source)
                        at java.lang.reflect.Method.invoke(Unknown Source)
                        at org.testng.internal.MethodInvocationHelper.invokeMethod(MethodInvocationHelper.java:124)
                        at org.testng.internal.Invoker.invokeMethod(Invoker.java:583)
                        at org.testng.internal.Invoker.invokeTestMethod(Invoker.java:719)
                        at org.testng.internal.Invoker.invokeTestMethods(Invoker.java:989)
                        at org.testng.internal.TestMethodWorker.invokeTestMethods(TestMethodWorker.java:125)
                        at org.testng.internal.TestMethodWorker.run(TestMethodWorker.java:109)
                        at org.testng.TestRunner.privateRun(TestRunner.java:648)
                        at org.testng.TestRunner.run(TestRunner.java:505)
                        at org.testng.SuiteRunner.runTest(SuiteRunner.java:455)
                        at org.testng.SuiteRunner.runSequentially(SuiteRunner.java:450)
                        at org.testng.SuiteRunner.privateRun(SuiteRunner.java:415)
                        at org.testng.SuiteRunner.run(SuiteRunner.java:364)
                        at org.testng.SuiteRunnerWorker.runSuite(SuiteRunnerWorker.java:52)
                        at org.testng.SuiteRunnerWorker.run(SuiteRunnerWorker.java:84)
                        at org.testng.TestNG.runSuitesSequentially(TestNG.java:1208)
                        at org.testng.TestNG.runSuitesLocally(TestNG.java:1137)
                        at org.testng.TestNG.runSuites(TestNG.java:1049)
                        at org.testng.TestNG.run(TestNG.java:1017)
                        at org.testng.TestNG.privateMain(TestNG.java:1354)
                        at org.testng.TestNG.main(TestNG.java:1323)
                     </pre>
                  </div>
               </td>
            </tr>
            <tr id="testcases.ExcuteTest_getTestStatus_byClass_PASS10_row"
                class="testMethodStatusPASS testMethodStatusCONF">
               <td width="100%" class="firstMethodCell">
                  <a onclick="toggleDetailsVisibility('testcases.ExcuteTest_getTestStatus_byClass_PASS10_details')">getTestStatus([TestResult name=clickPersonalButtons status=FAILURE method=ExcuteTest.clickPersonalButtons()[pri:0, instance:testcases.ExcuteTest@4cdbe50f]
                     output={null}])
                  </a>
               </td>
               <td nowrap="true">16:31:25</td>
               <td nowrap="true" align="right">324 ms
                  
               </td>
               <td nowrap="true">
                   
                  
               </td>
            </tr>
            <tr>
               <td colspan="4" class="detailsBox">
                  <div id="testcases.ExcuteTest_getTestStatus_byClass_PASS10_details"
                       class="testMethodDetails">
                     <div>
                        <b>Name: </b>getTestStatus
                     </div>
                     <div>
                        <b>Signature: </b>getTestStatus(org.testng.ITestResult)[pri:0, instance:testcases.ExcuteTest@4cdbe50f]
                     </div>
                     <div>
                        <b>Parameters: </b>
                        
                        [TestResult name=clickPersonalButtons status=FAILURE method=ExcuteTest.clickPersonalButtons()[pri:0, instance:testcases.ExcuteTest@4cdbe50f]
                        output={null}]
                        
                        
                     </div>
                     <div>
                        <b>Start time: </b>16:31:25
                     </div>
                     <div>
                        <b>End time: </b>16:31:25
                     </div>
                     <div>
                        <b>Duration: </b>324 ms
                        
                     </div>
                  </div>
               </td>
            </tr>
            <tr></tr>
            <tr id="testcases.ExcuteTest_clickLiveInfo_byClass_SKIP11_row"
                class="testMethodStatusSKIP">
               <td width="100%" class="firstMethodCell">
                  <a onclick="toggleDetailsVisibility('testcases.ExcuteTest_clickLiveInfo_byClass_SKIP11_details')">clickLiveInfo()</a>
               </td>
               <td nowrap="true">16:31:25</td>
               <td nowrap="true" align="right">0 ms
                  
               </td>
               <td nowrap="true">
                  <a onclick="toggleDetailsVisibility('testcases.ExcuteTest_clickLiveInfo_byClass_SKIP11_exception')">java.lang.Throwable: 
                     Method ExcuteTest.clickLiveInfo()[pri:0, instance:testcases.ExcuteTest@4cdbe50f] depends on not successfully finished methods
                     
                  </a>
                   
                  
               </td>
            </tr>
            <tr>
               <td colspan="4" class="detailsBox">
                  <div id="testcases.ExcuteTest_clickLiveInfo_byClass_SKIP11_details"
                       class="testMethodDetails">
                     <div>
                        <b>Name: </b>clickLiveInfo
                     </div>
                     <div>
                        <b>Signature: </b>clickLiveInfo()[pri:0, instance:testcases.ExcuteTest@4cdbe50f]
                     </div>
                     <div>
                        <b>Start time: </b>16:31:25
                     </div>
                     <div>
                        <b>End time: </b>16:31:25
                     </div>
                     <div>
                        <b>Duration: </b>0 ms
                        
                     </div>
                     <div>
                        <b>Depends on methods:
                           
                        </b>
                        <div>
                               -
                           testcases.ExcuteTest.clickPersonalButtons
                        </div>
                     </div>
                  </div>
               </td>
            </tr>
            <tr>
               <td colspan="4" class="detailsBox">
                  <div id="testcases.ExcuteTest_clickLiveInfo_byClass_SKIP11_exception"
                       class="testMethodDetails">
                     <pre style="padding: 5px; margin: 0;">java.lang.Throwable: Method ExcuteTest.clickLiveInfo()[pri:0, instance:testcases.ExcuteTest@4cdbe50f] depends on not successfully
                        finished methods
                        at org.testng.internal.Invoker.invokeTestMethods(Invoker.java:888)
                        at org.testng.internal.TestMethodWorker.invokeTestMethods(TestMethodWorker.java:125)
                        at org.testng.internal.TestMethodWorker.run(TestMethodWorker.java:109)
                        at org.testng.TestRunner.privateRun(TestRunner.java:648)
                        at org.testng.TestRunner.run(TestRunner.java:505)
                        at org.testng.SuiteRunner.runTest(SuiteRunner.java:455)
                        at org.testng.SuiteRunner.runSequentially(SuiteRunner.java:450)
                        at org.testng.SuiteRunner.privateRun(SuiteRunner.java:415)
                        at org.testng.SuiteRunner.run(SuiteRunner.java:364)
                        at org.testng.SuiteRunnerWorker.runSuite(SuiteRunnerWorker.java:52)
                        at org.testng.SuiteRunnerWorker.run(SuiteRunnerWorker.java:84)
                        at org.testng.TestNG.runSuitesSequentially(TestNG.java:1208)
                        at org.testng.TestNG.runSuitesLocally(TestNG.java:1137)
                        at org.testng.TestNG.runSuites(TestNG.java:1049)
                        at org.testng.TestNG.run(TestNG.java:1017)
                        at org.testng.TestNG.privateMain(TestNG.java:1354)
                        at org.testng.TestNG.main(TestNG.java:1323)
                     </pre>
                  </div>
               </td>
            </tr>
            <tr id="testcases.ExcuteTest_closeDriver_byClass_PASS12_row"
                class="testMethodStatusPASS testMethodStatusCONF">
               <td width="100%" class="firstMethodCell">
                  <a onclick="toggleDetailsVisibility('testcases.ExcuteTest_closeDriver_byClass_PASS12_details')">closeDriver()</a>
               </td>
               <td nowrap="true">16:31:25</td>
               <td nowrap="true" align="right">1s
                  
               </td>
               <td nowrap="true">
                   
                  
               </td>
            </tr>
            <tr>
               <td colspan="4" class="detailsBox">
                  <div id="testcases.ExcuteTest_closeDriver_byClass_PASS12_details"
                       class="testMethodDetails">
                     <div>
                        <b>Name: </b>closeDriver
                     </div>
                     <div>
                        <b>Signature: </b>closeDriver()[pri:0, instance:testcases.ExcuteTest@4cdbe50f]
                     </div>
                     <div>
                        <b>Start time: </b>16:31:25
                     </div>
                     <div>
                        <b>End time: </b>16:31:27
                     </div>
                     <div>
                        <b>Duration: </b>1s
                        
                     </div>
                  </div>
               </td>
            </tr>
            <tr></tr>
         </table>
         <br></br>
      </div>
      <div style="margin-top: 15px; color: gray; text-align: center; font-size: 9px;">
         Generated with
         
         <a href="http://code.google.com/p/testng-xslt/" style="color: #8888aa;"
            target="_blank">
            TestNG XSLT
            
         </a>
      </div>
   </body>
</html>