<?xml version="1.0" encoding="UTF-8"?>
<testng-results skipped="0" failed="1" ignored="0" total="4" passed="3">
  <reporter-output>
  </reporter-output>
  <suite name="Suite" duration-ms="41566" started-at="2019-02-04T12:48:45Z" finished-at="2019-02-04T12:49:27Z">
    <groups>
    </groups>
    <test name="Test" duration-ms="41566" started-at="2019-02-04T12:48:45Z" finished-at="2019-02-04T12:49:27Z">
      <class name="testcases.ExcuteTest">
        <test-method status="PASS" signature="setUp(java.lang.String)[pri:0, instance:testcases.ExcuteTest@754ba872]" name="setUp" is-config="true" duration-ms="3286" started-at="2019-02-04T12:48:45Z" finished-at="2019-02-04T12:48:48Z">
          <params>
            <param index="0">
              <value>
                <![CDATA[chrome]]>
              </value>
            </param>
          </params>
          <reporter-output>
          </reporter-output>
        </test-method> <!-- setUp -->
        <test-method status="PASS" signature="getTestMethodName(java.lang.reflect.Method)[pri:0, instance:testcases.ExcuteTest@754ba872]" name="getTestMethodName" is-config="true" duration-ms="0" started-at="2019-02-04T12:48:48Z" finished-at="2019-02-04T12:48:48Z">
          <params>
            <param index="0">
              <value>
                <![CDATA[private void testcases.ExcuteTest.launchMapSyncApplication() throws java.io.IOException]]>
              </value>
            </param>
          </params>
          <reporter-output>
          </reporter-output>
        </test-method> <!-- getTestMethodName -->
        <test-method status="PASS" signature="launchMapSyncApplication()[pri:0, instance:testcases.ExcuteTest@754ba872]" name="launchMapSyncApplication" duration-ms="13070" started-at="2019-02-04T12:48:48Z" finished-at="2019-02-04T12:49:01Z">
          <reporter-output>
          </reporter-output>
        </test-method> <!-- launchMapSyncApplication -->
        <test-method status="PASS" signature="getTestStatus(org.testng.ITestResult)[pri:0, instance:testcases.ExcuteTest@754ba872]" name="getTestStatus" is-config="true" duration-ms="464" started-at="2019-02-04T12:49:01Z" finished-at="2019-02-04T12:49:02Z">
          <params>
            <param index="0">
              <value>
                <![CDATA[[TestResult name=launchMapSyncApplication status=SUCCESS method=ExcuteTest.launchMapSyncApplication()[pri:0, instance:testcases.ExcuteTest@754ba872] output={null}]]]>
              </value>
            </param>
          </params>
          <reporter-output>
          </reporter-output>
        </test-method> <!-- getTestStatus -->
        <test-method status="PASS" signature="enterDirectionInfo()[pri:0, instance:testcases.ExcuteTest@754ba872]" name="enterDirectionInfo" duration-ms="1021" started-at="2019-02-04T12:49:02Z" depends-on-methods="testcases.ExcuteTest.launchMapSyncApplication" finished-at="2019-02-04T12:49:03Z">
          <reporter-output>
          </reporter-output>
        </test-method> <!-- enterDirectionInfo -->
        <test-method status="PASS" signature="getTestMethodName(java.lang.reflect.Method)[pri:0, instance:testcases.ExcuteTest@754ba872]" name="getTestMethodName" is-config="true" duration-ms="0" started-at="2019-02-04T12:49:02Z" finished-at="2019-02-04T12:49:02Z">
          <params>
            <param index="0">
              <value>
                <![CDATA[private void testcases.ExcuteTest.enterDirectionInfo() throws java.io.IOException]]>
              </value>
            </param>
          </params>
          <reporter-output>
          </reporter-output>
        </test-method> <!-- getTestMethodName -->
        <test-method status="PASS" signature="getTestStatus(org.testng.ITestResult)[pri:0, instance:testcases.ExcuteTest@754ba872]" name="getTestStatus" is-config="true" duration-ms="593" started-at="2019-02-04T12:49:03Z" finished-at="2019-02-04T12:49:03Z">
          <params>
            <param index="0">
              <value>
                <![CDATA[[TestResult name=enterDirectionInfo status=SUCCESS method=ExcuteTest.enterDirectionInfo()[pri:0, instance:testcases.ExcuteTest@754ba872] output={null}]]]>
              </value>
            </param>
          </params>
          <reporter-output>
          </reporter-output>
        </test-method> <!-- getTestStatus -->
        <test-method status="PASS" signature="clickLiveInfo()[pri:0, instance:testcases.ExcuteTest@754ba872]" name="clickLiveInfo" duration-ms="565" started-at="2019-02-04T12:49:03Z" depends-on-methods="testcases.ExcuteTest.enterDirectionInfo" finished-at="2019-02-04T12:49:04Z">
          <reporter-output>
          </reporter-output>
        </test-method> <!-- clickLiveInfo -->
        <test-method status="PASS" signature="getTestMethodName(java.lang.reflect.Method)[pri:0, instance:testcases.ExcuteTest@754ba872]" name="getTestMethodName" is-config="true" duration-ms="0" started-at="2019-02-04T12:49:03Z" finished-at="2019-02-04T12:49:03Z">
          <params>
            <param index="0">
              <value>
                <![CDATA[private void testcases.ExcuteTest.clickLiveInfo() throws java.io.IOException]]>
              </value>
            </param>
          </params>
          <reporter-output>
          </reporter-output>
        </test-method> <!-- getTestMethodName -->
        <test-method status="PASS" signature="getTestStatus(org.testng.ITestResult)[pri:0, instance:testcases.ExcuteTest@754ba872]" name="getTestStatus" is-config="true" duration-ms="647" started-at="2019-02-04T12:49:04Z" finished-at="2019-02-04T12:49:05Z">
          <params>
            <param index="0">
              <value>
                <![CDATA[[TestResult name=clickLiveInfo status=SUCCESS method=ExcuteTest.clickLiveInfo()[pri:0, instance:testcases.ExcuteTest@754ba872] output={null}]]]>
              </value>
            </param>
          </params>
          <reporter-output>
          </reporter-output>
        </test-method> <!-- getTestStatus -->
        <test-method status="PASS" signature="getTestMethodName(java.lang.reflect.Method)[pri:0, instance:testcases.ExcuteTest@754ba872]" name="getTestMethodName" is-config="true" duration-ms="0" started-at="2019-02-04T12:49:05Z" finished-at="2019-02-04T12:49:05Z">
          <params>
            <param index="0">
              <value>
                <![CDATA[private void testcases.ExcuteTest.verifyNavigationLinks() throws java.lang.Exception]]>
              </value>
            </param>
          </params>
          <reporter-output>
          </reporter-output>
        </test-method> <!-- getTestMethodName -->
        <test-method status="FAIL" signature="verifyNavigationLinks()[pri:0, instance:testcases.ExcuteTest@754ba872]" name="verifyNavigationLinks" duration-ms="20331" started-at="2019-02-04T12:49:05Z" depends-on-methods="testcases.ExcuteTest.clickLiveInfo" finished-at="2019-02-04T12:49:25Z">
          <exception class="org.openqa.selenium.WebDriverException">
            <message>
              <![CDATA[unknown error: Element <a href="http://cms.quantuminventions.com/about_us/" target="_blank" style="background: yellow; border: 2px solid red;">...</a> is not clickable at point (136, 592). Other element would receive the click: <div class="pp_overlay" style="opacity: 0.8; height: 613px; width: 1366px; display: block;"></div>
  (Session info: chrome=71.0.3578.98)
  (Driver info: chromedriver=2.44.609538 (b655c5a60b0b544917107a59d4153d4bf78e1b90),platform=Windows NT 10.0.17134 x86_64) (WARNING: The server did not provide any stacktrace information)
Command duration or timeout: 0 milliseconds
Build info: version: '3.141.59', revision: 'e82be7d358', time: '2018-11-14T08:25:48'
System info: host: 'DESKTOP-S95UV7N', ip: '192.168.0.100', os.name: 'Windows 10', os.arch: 'amd64', os.version: '10.0', java.version: '1.8.0_171'
Driver info: org.openqa.selenium.chrome.ChromeDriver
Capabilities {acceptInsecureCerts: false, acceptSslCerts: false, applicationCacheEnabled: false, browserConnectionEnabled: false, browserName: chrome, chrome: {chromedriverVersion: 2.44.609538 (b655c5a60b0b54..., userDataDir: C:\Users\Mishra's\AppData\L...}, cssSelectorsEnabled: true, databaseEnabled: false, goog:chromeOptions: {debuggerAddress: localhost:52830}, handlesAlerts: true, hasTouchScreen: false, javascriptEnabled: true, locationContextEnabled: true, mobileEmulationEnabled: false, nativeEvents: true, networkConnectionEnabled: false, pageLoadStrategy: normal, platform: XP, platformName: XP, rotatable: false, setWindowRect: true, takesHeapSnapshot: true, takesScreenshot: true, unexpectedAlertBehaviour: ignore, unhandledPromptBehavior: ignore, version: 71.0.3578.98, webStorageEnabled: true}
Session ID: 25a5ed15a240e160627014edd1194c50]]>
            </message>
            <full-stacktrace>
              <![CDATA[org.openqa.selenium.WebDriverException: unknown error: Element <a href="http://cms.quantuminventions.com/about_us/" target="_blank" style="background: yellow; border: 2px solid red;">...</a> is not clickable at point (136, 592). Other element would receive the click: <div class="pp_overlay" style="opacity: 0.8; height: 613px; width: 1366px; display: block;"></div>
  (Session info: chrome=71.0.3578.98)
  (Driver info: chromedriver=2.44.609538 (b655c5a60b0b544917107a59d4153d4bf78e1b90),platform=Windows NT 10.0.17134 x86_64) (WARNING: The server did not provide any stacktrace information)
Command duration or timeout: 0 milliseconds
Build info: version: '3.141.59', revision: 'e82be7d358', time: '2018-11-14T08:25:48'
System info: host: 'DESKTOP-S95UV7N', ip: '192.168.0.100', os.name: 'Windows 10', os.arch: 'amd64', os.version: '10.0', java.version: '1.8.0_171'
Driver info: org.openqa.selenium.chrome.ChromeDriver
Capabilities {acceptInsecureCerts: false, acceptSslCerts: false, applicationCacheEnabled: false, browserConnectionEnabled: false, browserName: chrome, chrome: {chromedriverVersion: 2.44.609538 (b655c5a60b0b54..., userDataDir: C:\Users\Mishra's\AppData\L...}, cssSelectorsEnabled: true, databaseEnabled: false, goog:chromeOptions: {debuggerAddress: localhost:52830}, handlesAlerts: true, hasTouchScreen: false, javascriptEnabled: true, locationContextEnabled: true, mobileEmulationEnabled: false, nativeEvents: true, networkConnectionEnabled: false, pageLoadStrategy: normal, platform: XP, platformName: XP, rotatable: false, setWindowRect: true, takesHeapSnapshot: true, takesScreenshot: true, unexpectedAlertBehaviour: ignore, unhandledPromptBehavior: ignore, version: 71.0.3578.98, webStorageEnabled: true}
Session ID: 25a5ed15a240e160627014edd1194c50
at sun.reflect.NativeConstructorAccessorImpl.newInstance0(Native Method)
at sun.reflect.NativeConstructorAccessorImpl.newInstance(Unknown Source)
at sun.reflect.DelegatingConstructorAccessorImpl.newInstance(Unknown Source)
at java.lang.reflect.Constructor.newInstance(Unknown Source)
at org.openqa.selenium.remote.ErrorHandler.createThrowable(ErrorHandler.java:214)
at org.openqa.selenium.remote.ErrorHandler.throwIfResponseFailed(ErrorHandler.java:166)
at org.openqa.selenium.remote.http.JsonHttpResponseCodec.reconstructValue(JsonHttpResponseCodec.java:40)
at org.openqa.selenium.remote.http.AbstractHttpResponseCodec.decode(AbstractHttpResponseCodec.java:80)
at org.openqa.selenium.remote.http.AbstractHttpResponseCodec.decode(AbstractHttpResponseCodec.java:44)
at org.openqa.selenium.remote.HttpCommandExecutor.execute(HttpCommandExecutor.java:158)
at org.openqa.selenium.remote.service.DriverCommandExecutor.execute(DriverCommandExecutor.java:83)
at org.openqa.selenium.remote.RemoteWebDriver.execute(RemoteWebDriver.java:552)
at org.openqa.selenium.remote.RemoteWebElement.execute(RemoteWebElement.java:285)
at org.openqa.selenium.remote.RemoteWebElement.click(RemoteWebElement.java:84)
at pageFactory.IndexPage_Main.verifyFooterLinks(IndexPage_Main.java:116)
at testcases.ExcuteTest.verifyNavigationLinks(ExcuteTest.java:201)
at sun.reflect.NativeMethodAccessorImpl.invoke0(Native Method)
at sun.reflect.NativeMethodAccessorImpl.invoke(Unknown Source)
at sun.reflect.DelegatingMethodAccessorImpl.invoke(Unknown Source)
at java.lang.reflect.Method.invoke(Unknown Source)
at org.testng.internal.MethodInvocationHelper.invokeMethod(MethodInvocationHelper.java:124)
at org.testng.internal.Invoker.invokeMethod(Invoker.java:580)
at org.testng.internal.Invoker.invokeTestMethod(Invoker.java:716)
at org.testng.internal.Invoker.invokeTestMethods(Invoker.java:988)
at org.testng.internal.TestMethodWorker.invokeTestMethods(TestMethodWorker.java:125)
at org.testng.internal.TestMethodWorker.run(TestMethodWorker.java:109)
at org.testng.TestRunner.privateRun(TestRunner.java:648)
at org.testng.TestRunner.run(TestRunner.java:505)
at org.testng.SuiteRunner.runTest(SuiteRunner.java:455)
at org.testng.SuiteRunner.runSequentially(SuiteRunner.java:450)
at org.testng.SuiteRunner.privateRun(SuiteRunner.java:415)
at org.testng.SuiteRunner.run(SuiteRunner.java:364)
at org.testng.SuiteRunnerWorker.runSuite(SuiteRunnerWorker.java:52)
at org.testng.SuiteRunnerWorker.run(SuiteRunnerWorker.java:84)
at org.testng.TestNG.runSuitesSequentially(TestNG.java:1208)
at org.testng.TestNG.runSuitesLocally(TestNG.java:1137)
at org.testng.TestNG.runSuites(TestNG.java:1049)
at org.testng.TestNG.run(TestNG.java:1017)
at org.testng.remote.AbstractRemoteTestNG.run(AbstractRemoteTestNG.java:114)
at org.testng.remote.RemoteTestNG.initAndRun(RemoteTestNG.java:251)
at org.testng.remote.RemoteTestNG.main(RemoteTestNG.java:77)
]]>
            </full-stacktrace>
          </exception> <!-- org.openqa.selenium.WebDriverException -->
          <reporter-output>
          </reporter-output>
        </test-method> <!-- verifyNavigationLinks -->
        <test-method status="PASS" signature="getTestStatus(org.testng.ITestResult)[pri:0, instance:testcases.ExcuteTest@754ba872]" name="getTestStatus" is-config="true" duration-ms="518" started-at="2019-02-04T12:49:25Z" finished-at="2019-02-04T12:49:25Z">
          <params>
            <param index="0">
              <value>
                <![CDATA[[TestResult name=verifyNavigationLinks status=FAILURE method=ExcuteTest.verifyNavigationLinks()[pri:0, instance:testcases.ExcuteTest@754ba872] output={null}]]]>
              </value>
            </param>
          </params>
          <reporter-output>
          </reporter-output>
        </test-method> <!-- getTestStatus -->
        <test-method status="PASS" signature="closeDriver()[pri:0, instance:testcases.ExcuteTest@754ba872]" name="closeDriver" is-config="true" duration-ms="1042" started-at="2019-02-04T12:49:25Z" finished-at="2019-02-04T12:49:27Z">
          <reporter-output>
          </reporter-output>
        </test-method> <!-- closeDriver -->
      </class> <!-- testcases.ExcuteTest -->
    </test> <!-- Test -->
  </suite> <!-- Suite -->
</testng-results>
